<?xml version="1.0" encoding="UTF-8"?>
<!-- Generated by org.testng.reporters.JUnitXMLReporter -->
<testsuite hostname="XE-GGN-IT-03509" ignored="0" name="Test" tests="3" failures="2" timestamp="2022-06-05T07:13:06 IST" time="32.686" errors="0">
  <testcase name="InValidLogin" time="3.099" classname="Tests.LoginTest">
    <failure type="java.lang.AssertionError" message="expected [true] but found [false]">
      <![CDATA[java.lang.AssertionError: expected [true] but found [false]
at Generic.CommonFunctions.isElementPresentAssertTrue(CommonFunctions.java:66)
at Pages.PageActions.LoginPageAction.inValidLogin(LoginPageAction.java:42)
at Tests.LoginTest.InValidLogin(LoginTest.java:20)
at java.util.ArrayList.forEach(ArrayList.java:1257)
at com.intellij.rt.testng.IDEARemoteTestNG.run(IDEARemoteTestNG.java:66)
at com.intellij.rt.testng.RemoteTestNGStarter.main(RemoteTestNGStarter.java:109)
... Removed 28 stack frames]]>
    </failure>
  </testcase> <!-- InValidLogin -->
  <testcase name="Login" time="6.402" classname="Tests.LoginTest"/>
  <testcase name="InValidLogin" time="2.996" classname="Tests.InValidLoginTest">
    <failure type="java.lang.AssertionError" message="expected [true] but found [false]">
      <![CDATA[java.lang.AssertionError: expected [true] but found [false]
at Generic.CommonFunctions.isElementPresentAssertTrue(CommonFunctions.java:66)
at Pages.PageActions.LoginPageAction.inValidLogin(LoginPageAction.java:42)
at Tests.InValidLoginTest.InValidLogin(InValidLoginTest.java:14)
at java.util.ArrayList.forEach(ArrayList.java:1257)
at com.intellij.rt.testng.IDEARemoteTestNG.run(IDEARemoteTestNG.java:66)
at com.intellij.rt.testng.RemoteTestNGStarter.main(RemoteTestNGStarter.java:109)
... Removed 28 stack frames]]>
    </failure>
  </testcase> <!-- InValidLogin -->
</testsuite> <!-- Test -->
